# JRE version: OpenJDK Runtime Environment (8.0_242-b01) (build 1.8.0_242-release-1644-b01)
# Java VM: OpenJDK 64-Bit Server VM (25.242-b01 mixed mode windows-amd64 compressed oops)
Heap:
 PSYoungGen      total 72704K, used 52800K [0x00000000d5580000, 0x00000000dae80000, 0x0000000100000000)
  eden space 60416K, 67% used [0x00000000d5580000,0x00000000d7d10558,0x00000000d9080000)
  from space 12288K, 99% used [0x00000000d9e80000,0x00000000daa7fb20,0x00000000daa80000)
  to   space 14336K, 0% used [0x00000000d9080000,0x00000000d9080000,0x00000000d9e80000)
 ParOldGen       total 77824K, used 18026K [0x0000000080000000, 0x0000000084c00000, 0x00000000d5580000)
  object space 77824K, 23% used [0x0000000080000000,0x000000008119abd0,0x0000000084c00000)
 Metaspace       used 47267K, capacity 48754K, committed 48896K, reserved 1091584K
  class space    used 6402K, capacity 6820K, committed 6912K, reserved 1048576K
GC Heap History (10 events):
Event: 9.992 GC heap before
{Heap before GC invocations=16 (full 1):
 PSYoungGen      total 49664K, used 22742K [0x00000000d5580000, 0x00000000d9300000, 0x0000000100000000)
  eden space 40448K, 33% used [0x00000000d5580000,0x00000000d62b86a0,0x00000000d7d00000)
  from space 9216K, 99% used [0x00000000d8700000,0x00000000d8ffd1a8,0x00000000d9000000)
  to   space 10240K, 0% used [0x00000000d7d00000,0x00000000d7d00000,0x00000000d8700000)
 ParOldGen       total 53248K, used 10720K [0x0000000080000000, 0x0000000083400000, 0x00000000d5580000)
  object space 53248K, 20% used [0x0000000080000000,0x0000000080a78020,0x0000000083400000)
 Metaspace       used 34517K, capacity 35368K, committed 35496K, reserved 1079296K
  class space    used 4770K, capacity 5041K, committed 5120K, reserved 1048576K
Event: 9.998 GC heap after
Heap after GC invocations=16 (full 1):
 PSYoungGen      total 50688K, used 9648K [0x00000000d5580000, 0x00000000da180000, 0x0000000100000000)
  eden space 40448K, 0% used [0x00000000d5580000,0x00000000d5580000,0x00000000d7d00000)
  from space 10240K, 94% used [0x00000000d7d00000,0x00000000d866c2e8,0x00000000d8700000)
  to   space 11264K, 0% used [0x00000000d9680000,0x00000000d9680000,0x00000000da180000)
 ParOldGen       total 53248K, used 10728K [0x0000000080000000, 0x0000000083400000, 0x00000000d5580000)
  object space 53248K, 20% used [0x0000000080000000,0x0000000080a7a020,0x0000000083400000)
 Metaspace       used 34517K, capacity 35368K, committed 35496K, reserved 1079296K
  class space    used 4770K, capacity 5041K, committed 5120K, reserved 1048576K
}
Event: 9.998 GC heap before
{Heap before GC invocations=17 (full 2):
 PSYoungGen      total 50688K, used 9648K [0x00000000d5580000, 0x00000000da180000, 0x0000000100000000)
  eden space 40448K, 0% used [0x00000000d5580000,0x00000000d5580000,0x00000000d7d00000)
  from space 10240K, 94% used [0x00000000d7d00000,0x00000000d866c2e8,0x00000000d8700000)
  to   space 11264K, 0% used [0x00000000d9680000,0x00000000d9680000,0x00000000da180000)
 ParOldGen       total 53248K, used 10728K [0x0000000080000000, 0x0000000083400000, 0x00000000d5580000)
  object space 53248K, 20% used [0x0000000080000000,0x0000000080a7a020,0x0000000083400000)
 Metaspace       used 34517K, capacity 35368K, committed 35496K, reserved 1079296K
  class space    used 4770K, capacity 5041K, committed 5120K, reserved 1048576K
Event: 10.067 GC heap after
Heap after GC invocations=17 (full 2):
 PSYoungGen      total 50688K, used 0K [0x00000000d5580000, 0x00000000da180000, 0x0000000100000000)
  eden space 40448K, 0% used [0x00000000d5580000,0x00000000d5580000,0x00000000d7d00000)
  from space 10240K, 0% used [0x00000000d7d00000,0x00000000d7d00000,0x00000000d8700000)
  to   space 11264K, 0% used [0x00000000d9680000,0x00000000d9680000,0x00000000da180000)
 ParOldGen       total 77824K, used 17109K [0x0000000080000000, 0x0000000084c00000, 0x00000000d5580000)
  object space 77824K, 21% used [0x0000000080000000,0x00000000810b5760,0x0000000084c00000)
 Metaspace       used 34517K, capacity 35368K, committed 35496K, reserved 1079296K
  class space    used 4770K, capacity 5041K, committed 5120K, reserved 1048576K
}
Event: 16.170 GC heap before
{Heap before GC invocations=18 (full 2):
 PSYoungGen      total 50688K, used 40448K [0x00000000d5580000, 0x00000000da180000, 0x0000000100000000)
  eden space 40448K, 100% used [0x00000000d5580000,0x00000000d7d00000,0x00000000d7d00000)
  from space 10240K, 0% used [0x00000000d7d00000,0x00000000d7d00000,0x00000000d8700000)
  to   space 11264K, 0% used [0x00000000d9680000,0x00000000d9680000,0x00000000da180000)
 ParOldGen       total 77824K, used 17109K [0x0000000080000000, 0x0000000084c00000, 0x00000000d5580000)
  object space 77824K, 21% used [0x0000000080000000,0x00000000810b5760,0x0000000084c00000)
 Metaspace       used 36537K, capacity 37708K, committed 37888K, reserved 1081344K
  class space    used 5018K, capacity 5358K, committed 5376K, reserved 1048576K
Event: 16.175 GC heap after
Heap after GC invocations=18 (full 2):
 PSYoungGen      total 61440K, used 5832K [0x00000000d5580000, 0x00000000d9f00000, 0x0000000100000000)
  eden space 52736K, 0% used [0x00000000d5580000,0x00000000d5580000,0x00000000d8900000)
  from space 8704K, 67% used [0x00000000d9680000,0x00000000d9c32138,0x00000000d9f00000)
  to   space 11264K, 0% used [0x00000000d8900000,0x00000000d8900000,0x00000000d9400000)
 ParOldGen       total 77824K, used 17117K [0x0000000080000000, 0x0000000084c00000, 0x00000000d5580000)
  object space 77824K, 21% used [0x0000000080000000,0x00000000810b7760,0x0000000084c00000)
 Metaspace       used 36537K, capacity 37708K, committed 37888K, reserved 1081344K
  class space    used 5018K, capacity 5358K, committed 5376K, reserved 1048576K
}
Event: 18.167 GC heap before
{Heap before GC invocations=19 (full 2):
 PSYoungGen      total 61440K, used 58568K [0x00000000d5580000, 0x00000000d9f00000, 0x0000000100000000)
  eden space 52736K, 100% used [0x00000000d5580000,0x00000000d8900000,0x00000000d8900000)
  from space 8704K, 67% used [0x00000000d9680000,0x00000000d9c32138,0x00000000d9f00000)
  to   space 11264K, 0% used [0x00000000d8900000,0x00000000d8900000,0x00000000d9400000)
 ParOldGen       total 77824K, used 17117K [0x0000000080000000, 0x0000000084c00000, 0x00000000d5580000)
  object space 77824K, 21% used [0x0000000080000000,0x00000000810b7760,0x0000000084c00000)
 Metaspace       used 43756K, capacity 45030K, committed 45312K, reserved 1087488K
  class space    used 5928K, capacity 6294K, committed 6400K, reserved 1048576K
Event: 18.175 GC heap after
Heap after GC invocations=19 (full 2):
 PSYoungGen      total 64000K, used 11234K [0x00000000d5580000, 0x00000000daa80000, 0x0000000100000000)
  eden space 52736K, 0% used [0x00000000d5580000,0x00000000d5580000,0x00000000d8900000)
  from space 11264K, 99% used [0x00000000d8900000,0x00000000d93f88e0,0x00000000d9400000)
  to   space 12288K, 0% used [0x00000000d9e80000,0x00000000d9e80000,0x00000000daa80000)
 ParOldGen       total 77824K, used 17256K [0x0000000080000000, 0x0000000084c00000, 0x00000000d5580000)
  object space 77824K, 22% used [0x0000000080000000,0x00000000810da380,0x0000000084c00000)
 Metaspace       used 43756K, capacity 45030K, committed 45312K, reserved 1087488K
  class space    used 5928K, capacity 6294K, committed 6400K, reserved 1048576K
}
Event: 18.998 GC heap before
{Heap before GC invocations=20 (full 2):
 PSYoungGen      total 64000K, used 63970K [0x00000000d5580000, 0x00000000daa80000, 0x0000000100000000)
  eden space 52736K, 100% used [0x00000000d5580000,0x00000000d8900000,0x00000000d8900000)
  from space 11264K, 99% used [0x00000000d8900000,0x00000000d93f88e0,0x00000000d9400000)
  to   space 12288K, 0% used [0x00000000d9e80000,0x00000000d9e80000,0x00000000daa80000)
 ParOldGen       total 77824K, used 17256K [0x0000000080000000, 0x0000000084c00000, 0x00000000d5580000)
  object space 77824K, 22% used [0x0000000080000000,0x00000000810da380,0x0000000084c00000)
 Metaspace       used 46680K, capacity 48096K, committed 48256K, reserved 1091584K
  class space    used 6304K, capacity 6684K, committed 6784K, reserved 1048576K
Event: 19.008 GC heap after
Heap after GC invocations=20 (full 2):
 PSYoungGen      total 72704K, used 12286K [0x00000000d5580000, 0x00000000dae80000, 0x0000000100000000)
  eden space 60416K, 0% used [0x00000000d5580000,0x00000000d5580000,0x00000000d9080000)
  from space 12288K, 99% used [0x00000000d9e80000,0x00000000daa7fb20,0x00000000daa80000)
  to   space 14336K, 0% used [0x00000000d9080000,0x00000000d9080000,0x00000000d9e80000)
 ParOldGen       total 77824K, used 18026K [0x0000000080000000, 0x0000000084c00000, 0x00000000d5580000)
  object space 77824K, 23% used [0x0000000080000000,0x000000008119abd0,0x0000000084c00000)
 Metaspace       used 46680K, capacity 48096K, committed 48256K, reserved 1091584K
  class space    used 6304K, capacity 6684K, committed 6784K, reserved 1048576K
}

